0 info it worked if it ends with ok
<<<<<<< HEAD
1 verbose cli [ '/usr/local/bin/node',
1 verbose cli   '/usr/local/bin/npm',
1 verbose cli   'run',
1 verbose cli   'webpackWath' ]
2 info using npm@4.1.2
3 info using node@v7.6.0
4 verbose stack Error: missing script: webpackWath
4 verbose stack     at run (/usr/local/lib/node_modules/npm/lib/run-script.js:151:19)
4 verbose stack     at /usr/local/lib/node_modules/npm/lib/run-script.js:61:5
4 verbose stack     at /usr/local/lib/node_modules/npm/node_modules/read-package-json/read-json.js:356:5
4 verbose stack     at checkBinReferences_ (/usr/local/lib/node_modules/npm/node_modules/read-package-json/read-json.js:320:45)
4 verbose stack     at final (/usr/local/lib/node_modules/npm/node_modules/read-package-json/read-json.js:354:3)
4 verbose stack     at then (/usr/local/lib/node_modules/npm/node_modules/read-package-json/read-json.js:124:5)
4 verbose stack     at /usr/local/lib/node_modules/npm/node_modules/read-package-json/read-json.js:311:12
4 verbose stack     at /usr/local/lib/node_modules/npm/node_modules/graceful-fs/graceful-fs.js:78:16
4 verbose stack     at tryToString (fs.js:447:3)
4 verbose stack     at FSReqWrap.readFileAfterClose [as oncomplete] (fs.js:434:12)
5 verbose cwd /home/hencic00/Dropbox/Documents/3#Letnik/2#Semester/SPV/Ludoku
6 error Linux 4.8.0-45-generic
7 error argv "/usr/local/bin/node" "/usr/local/bin/npm" "run" "webpackWath"
8 error node v7.6.0
9 error npm  v4.1.2
10 error missing script: webpackWath
11 error If you need help, you may report this error at:
11 error     <https://github.com/npm/npm/issues>
12 verbose exit [ 1, true ]
=======
1 verbose cli [ '/usr/local/bin/node', '/usr/local/bin/npm', 'start' ]
2 info using npm@4.1.2
3 info using node@v7.6.0
4 verbose run-script [ 'prestart', 'start', 'poststart' ]
5 info lifecycle ludoku@0.0.0~prestart: ludoku@0.0.0
6 silly lifecycle ludoku@0.0.0~prestart: no script for prestart, continuing
7 info lifecycle ludoku@0.0.0~start: ludoku@0.0.0
8 verbose lifecycle ludoku@0.0.0~start: unsafe-perm in lifecycle true
9 verbose lifecycle ludoku@0.0.0~start: PATH: /usr/local/lib/node_modules/npm/bin/node-gyp-bin:/home/comemaster/Documents/Vaje/semester6/SPV/Ludoku/node_modules/.bin:/home/comemaster/bin:/home/comemaster/.local/bin:/usr/local/sbin:/usr/local/bin:/usr/sbin:/usr/bin:/sbin:/bin:/usr/games:/usr/local/games:/snap/bin
10 verbose lifecycle ludoku@0.0.0~start: CWD: /home/comemaster/Documents/Vaje/semester6/SPV/Ludoku
11 silly lifecycle ludoku@0.0.0~start: Args: [ '-c', 'nodemon ./bin/www' ]
12 silly lifecycle ludoku@0.0.0~start: Returned: code: 1  signal: null
13 info lifecycle ludoku@0.0.0~start: Failed to exec start script
14 verbose stack Error: ludoku@0.0.0 start: `nodemon ./bin/www`
14 verbose stack Exit status 1
14 verbose stack     at EventEmitter.<anonymous> (/usr/local/lib/node_modules/npm/lib/utils/lifecycle.js:279:16)
14 verbose stack     at emitTwo (events.js:106:13)
14 verbose stack     at EventEmitter.emit (events.js:192:7)
14 verbose stack     at ChildProcess.<anonymous> (/usr/local/lib/node_modules/npm/lib/utils/spawn.js:40:14)
14 verbose stack     at emitTwo (events.js:106:13)
14 verbose stack     at ChildProcess.emit (events.js:192:7)
14 verbose stack     at maybeClose (internal/child_process.js:890:16)
14 verbose stack     at Process.ChildProcess._handle.onexit (internal/child_process.js:226:5)
15 verbose pkgid ludoku@0.0.0
16 verbose cwd /home/comemaster/Documents/Vaje/semester6/SPV/Ludoku
17 error Linux 4.8.0-41-generic
18 error argv "/usr/local/bin/node" "/usr/local/bin/npm" "start"
19 error node v7.6.0
20 error npm  v4.1.2
21 error code ELIFECYCLE
22 error ludoku@0.0.0 start: `nodemon ./bin/www`
22 error Exit status 1
23 error Failed at the ludoku@0.0.0 start script 'nodemon ./bin/www'.
23 error Make sure you have the latest version of node.js and npm installed.
23 error If you do, this is most likely a problem with the ludoku package,
23 error not with npm itself.
23 error Tell the author that this fails on your system:
23 error     nodemon ./bin/www
23 error You can get information on how to open an issue for this project with:
23 error     npm bugs ludoku
23 error Or if that isn't available, you can get their info via:
23 error     npm owner ls ludoku
23 error There is likely additional logging output above.
24 verbose exit [ 1, true ]
>>>>>>> 778cceffa618e621a8ff7dd3dbf904c93415b68f
